[02-03 09:57:02]: [INFO] Created column 'regdate' and set the current timestamp, 1643878622339, to all 0 rows
[02-03 09:57:02]: [INFO] SQLite Setup finished
[02-03 09:57:02]: [INFO] No supported permissions system found! Permissions are disabled!
[02-03 09:57:02]: [INFO] AuthMe 5.6.0-SNAPSHOT build n.2509 successfully enabled!
[02-03 09:57:03]: [INFO] Downloading GEO IP database, because the old database is older than 30 days or doesn't exist
[02-03 09:57:03]: [WARN] No MaxMind credentials found in the configuration file! GeoIp protections will be disabled.
[02-03 09:57:03]: [INFO] There is no newer GEO IP database uploaded to MaxMind. Using the old one for now.
[02-03 09:57:03]: [WARN] Could not download GeoLiteAPI database [FileNotFoundException]: plugins\AuthMe\GeoLite2-Country.mmdb (Nie można odnaleźć określonego pliku)
[02-03 09:57:03]: java.io.FileNotFoundException: plugins\AuthMe\GeoLite2-Country.mmdb (Nie można odnaleźć określonego pliku)
	at java.base/java.io.RandomAccessFile.open0(Native Method)
	at java.base/java.io.RandomAccessFile.open(RandomAccessFile.java:344)
	at java.base/java.io.RandomAccessFile.<init>(RandomAccessFile.java:259)
	at java.base/java.io.RandomAccessFile.<init>(RandomAccessFile.java:213)
	at AuthMe-5.6.0-SNAPSHOT.jar//fr.xephi.authme.libs.com.maxmind.db.BufferHolder.<init>(BufferHolder.java:20)
	at AuthMe-5.6.0-SNAPSHOT.jar//fr.xephi.authme.libs.com.maxmind.db.Reader.<init>(Reader.java:121)
	at AuthMe-5.6.0-SNAPSHOT.jar//fr.xephi.authme.service.GeoIpService.startReading(GeoIpService.java:173)
	at AuthMe-5.6.0-SNAPSHOT.jar//fr.xephi.authme.service.GeoIpService.updateDatabase(GeoIpService.java:144)
	at org.bukkit.craftbukkit.v1_18_R1.scheduler.CraftTask.run(CraftTask.java:101)
	at org.bukkit.craftbukkit.v1_18_R1.scheduler.CraftAsyncTask.run(CraftAsyncTask.java:57)
	at com.destroystokyo.paper.ServerSchedulerReportingWrapper.run(ServerSchedulerReportingWrapper.java:22)
	at java.base/java.util.concurrent.ThreadPoolExecutor.runWorker(ThreadPoolExecutor.java:1136)
	at java.base/java.util.concurrent.ThreadPoolExecutor$Worker.run(ThreadPoolExecutor.java:635)
	at java.base/java.lang.Thread.run(Thread.java:833)

[02-03 09:59:16]: [FINE] kamipl1 registered 192.168.66.124
[02-03 09:59:16]: [FINE] kamipl1 logged in 192.168.66.124
[02-03 10:00:26]: [INFO] SQLite Setup finished
[02-03 10:00:26]: [INFO] No supported permissions system found! Permissions are disabled!
[02-03 10:00:26]: [INFO] AuthMe 5.6.0-SNAPSHOT build n.2509 successfully enabled!
[02-03 10:00:27]: [INFO] Downloading GEO IP database, because the old database is older than 30 days or doesn't exist
[02-03 10:00:27]: [WARN] No MaxMind credentials found in the configuration file! GeoIp protections will be disabled.
[02-03 10:00:27]: [INFO] There is no newer GEO IP database uploaded to MaxMind. Using the old one for now.
[02-03 10:00:27]: [WARN] Could not download GeoLiteAPI database [FileNotFoundException]: plugins\AuthMe\GeoLite2-Country.mmdb (Nie można odnaleźć określonego pliku)
[02-03 10:00:27]: java.io.FileNotFoundException: plugins\AuthMe\GeoLite2-Country.mmdb (Nie można odnaleźć określonego pliku)
	at java.base/java.io.RandomAccessFile.open0(Native Method)
	at java.base/java.io.RandomAccessFile.open(RandomAccessFile.java:344)
	at java.base/java.io.RandomAccessFile.<init>(RandomAccessFile.java:259)
	at java.base/java.io.RandomAccessFile.<init>(RandomAccessFile.java:213)
	at AuthMe-5.6.0-SNAPSHOT.jar//fr.xephi.authme.libs.com.maxmind.db.BufferHolder.<init>(BufferHolder.java:20)
	at AuthMe-5.6.0-SNAPSHOT.jar//fr.xephi.authme.libs.com.maxmind.db.Reader.<init>(Reader.java:121)
	at AuthMe-5.6.0-SNAPSHOT.jar//fr.xephi.authme.service.GeoIpService.startReading(GeoIpService.java:173)
	at AuthMe-5.6.0-SNAPSHOT.jar//fr.xephi.authme.service.GeoIpService.updateDatabase(GeoIpService.java:144)
	at org.bukkit.craftbukkit.v1_18_R1.scheduler.CraftTask.run(CraftTask.java:101)
	at org.bukkit.craftbukkit.v1_18_R1.scheduler.CraftAsyncTask.run(CraftAsyncTask.java:57)
	at com.destroystokyo.paper.ServerSchedulerReportingWrapper.run(ServerSchedulerReportingWrapper.java:22)
	at java.base/java.util.concurrent.ThreadPoolExecutor.runWorker(ThreadPoolExecutor.java:1136)
	at java.base/java.util.concurrent.ThreadPoolExecutor$Worker.run(ThreadPoolExecutor.java:635)
	at java.base/java.lang.Thread.run(Thread.java:833)

